<?xml version="1.0" encoding="UTF-8"?>
<testsuite xmlns:xsi="http://www.w3.org/2001/XMLSchema-instance" xsi:noNamespaceSchemaLocation="https://maven.apache.org/surefire/maven-surefire-plugin/xsd/surefire-test-report.xsd" version="3.0.2" name="com.cedarsoftware.io.spring.http.converter.JsonIoHttpMessageConverterTest" time="0.094" tests="4" errors="0" skipped="0" failures="0">
  <properties>
[...]
</properties>
  <testcase name="doesNotSupportTextPlain" classname="com.cedarsoftware.io.spring.http.converter.JsonIoHttpMessageConverterTest" time="0.001"/>
  <testcase name="supportsApplicationJson" classname="com.cedarsoftware.io.spring.http.converter.JsonIoHttpMessageConverterTest" time="0.001"/>
  <testcase name="writeSimpleObject" classname="com.cedarsoftware.io.spring.http.converter.JsonIoHttpMessageConverterTest" time="0.077"/>
  <testcase name="readSimpleObject" classname="com.cedarsoftware.io.spring.http.converter.JsonIoHttpMessageConverterTest" time="0.013"/>
</testsuite>