<?xml version="1.0" encoding="UTF-8"?>
<testsuite xmlns:xsi="http://www.w3.org/2001/XMLSchema-instance" xsi:noNamespaceSchemaLocation="https://maven.apache.org/surefire/maven-surefire-plugin/xsd/surefire-test-report.xsd" version="3.0.2" name="com.cedarsoftware.io.AtomicIntegerTest" time="0.185" tests="1" errors="1" skipped="0" failures="0">
  <properties>
[...]
</properties>
  <testcase name="testAssignAtomicInteger" classname="com.cedarsoftware.io.AtomicIntegerTest" time="0.178">
    <error message="EOF expected, content found after &quot;@type&quot; --&gt; :" type="com.cedarsoftware.io.JsonIoException"><![CDATA[com.cedarsoftware.io.JsonIoException: EOF expected, content found after "@type" --> :
	at com.cedarsoftware.io.JsonParser.readString(JsonParser.java:420)
	at com.cedarsoftware.io.JsonParser.readFieldNameIterative(JsonParser.java:257)
	at com.cedarsoftware.io.JsonParser.readJsonObjectIterative(JsonParser.java:199)
	at com.cedarsoftware.io.JsonParser.readValue(JsonParser.java:134)
	at com.cedarsoftware.io.JsonReader.readObject(JsonReader.java:210)
	at com.cedarsoftware.io.JsonIo.toObjects(JsonIo.java:186)
	at com.cedarsoftware.io.JsonIo.toObjects(JsonIo.java:158)
	at com.cedarsoftware.io.TestUtil.readJsonIo(TestUtil.java:142)
	at com.cedarsoftware.io.TestUtil.toObjects(TestUtil.java:193)
	at com.cedarsoftware.io.TestUtil.toObjects(TestUtil.java:183)
	at com.cedarsoftware.io.AtomicIntegerTest.testAssignAtomicInteger(AtomicIntegerTest.java:46)
	at java.base/java.lang.reflect.Method.invoke(Method.java:569)
	at java.base/java.util.ArrayList.forEach(ArrayList.java:1511)
	at java.base/java.util.ArrayList.forEach(ArrayList.java:1511)
]]></error>
  </testcase>
</testsuite>